# JRE version: OpenJDK Runtime Environment (8.0_202) (build 1.8.0_202-release-1483-b49-5587405)
# Java VM: OpenJDK 64-Bit Server VM (25.202-b49-5587405 mixed mode linux-amd64 compressed oops)
Heap:
 PSYoungGen      total 240640K, used 13812K [0x00000000e0000000, 0x00000000ef880000, 0x0000000100000000)
  eden space 226816K, 0% used [0x00000000e0000000,0x00000000e0000000,0x00000000edd80000)
  from space 13824K, 99% used [0x00000000edd80000,0x00000000eeafd030,0x00000000eeb00000)
  to   space 7168K, 0% used [0x00000000ef180000,0x00000000ef180000,0x00000000ef880000)
 ParOldGen       total 54272K, used 17550K [0x00000000a0000000, 0x00000000a3500000, 0x00000000e0000000)
  object space 54272K, 32% used [0x00000000a0000000,0x00000000a1123a90,0x00000000a3500000)
 Metaspace       used 34463K, capacity 35234K, committed 35416K, reserved 1079296K
  class space    used 4689K, capacity 4900K, committed 4952K, reserved 1048576K
GC Heap History (10 events):
Event: 21.328 GC heap after
Heap after GC invocations=3 (full 0):
 PSYoungGen      total 68608K, used 5104K [0x00000000e0000000, 0x00000000e8600000, 0x0000000100000000)
  eden space 63488K, 0% used [0x00000000e0000000,0x00000000e0000000,0x00000000e3e00000)
  from space 5120K, 99% used [0x00000000e3e00000,0x00000000e42fc030,0x00000000e4300000)
  to   space 5120K, 0% used [0x00000000e8100000,0x00000000e8100000,0x00000000e8600000)
 ParOldGen       total 84992K, used 5394K [0x00000000a0000000, 0x00000000a5300000, 0x00000000e0000000)
  object space 84992K, 6% used [0x00000000a0000000,0x00000000a0544a70,0x00000000a5300000)
 Metaspace       used 16831K, capacity 17196K, committed 17408K, reserved 1064960K
  class space    used 2425K, capacity 2542K, committed 2560K, reserved 1048576K
}
Event: 44.571 GC heap before
{Heap before GC invocations=4 (full 0):
 PSYoungGen      total 68608K, used 32800K [0x00000000e0000000, 0x00000000e8600000, 0x0000000100000000)
  eden space 63488K, 43% used [0x00000000e0000000,0x00000000e1b0c078,0x00000000e3e00000)
  from space 5120K, 99% used [0x00000000e3e00000,0x00000000e42fc030,0x00000000e4300000)
  to   space 5120K, 0% used [0x00000000e8100000,0x00000000e8100000,0x00000000e8600000)
 ParOldGen       total 84992K, used 5394K [0x00000000a0000000, 0x00000000a5300000, 0x00000000e0000000)
  object space 84992K, 6% used [0x00000000a0000000,0x00000000a0544a70,0x00000000a5300000)
 Metaspace       used 20626K, capacity 20998K, committed 21248K, reserved 1067008K
  class space    used 2876K, capacity 3009K, committed 3072K, reserved 1048576K
Event: 44.933 GC heap after
Heap after GC invocations=4 (full 0):
 PSYoungGen      total 132096K, used 5096K [0x00000000e0000000, 0x00000000e8600000, 0x0000000100000000)
  eden space 126976K, 0% used [0x00000000e0000000,0x00000000e0000000,0x00000000e7c00000)
  from space 5120K, 99% used [0x00000000e8100000,0x00000000e85fa0f0,0x00000000e8600000)
  to   space 5120K, 0% used [0x00000000e7c00000,0x00000000e7c00000,0x00000000e8100000)
 ParOldGen       total 84992K, used 9324K [0x00000000a0000000, 0x00000000a5300000, 0x00000000e0000000)
  object space 84992K, 10% used [0x00000000a0000000,0x00000000a091b078,0x00000000a5300000)
 Metaspace       used 20626K, capacity 20998K, committed 21248K, reserved 1067008K
  class space    used 2876K, capacity 3009K, committed 3072K, reserved 1048576K
}
Event: 44.933 GC heap before
{Heap before GC invocations=5 (full 1):
 PSYoungGen      total 132096K, used 5096K [0x00000000e0000000, 0x00000000e8600000, 0x0000000100000000)
  eden space 126976K, 0% used [0x00000000e0000000,0x00000000e0000000,0x00000000e7c00000)
  from space 5120K, 99% used [0x00000000e8100000,0x00000000e85fa0f0,0x00000000e8600000)
  to   space 5120K, 0% used [0x00000000e7c00000,0x00000000e7c00000,0x00000000e8100000)
 ParOldGen       total 84992K, used 9324K [0x00000000a0000000, 0x00000000a5300000, 0x00000000e0000000)
  object space 84992K, 10% used [0x00000000a0000000,0x00000000a091b078,0x00000000a5300000)
 Metaspace       used 20626K, capacity 20998K, committed 21248K, reserved 1067008K
  class space    used 2876K, capacity 3009K, committed 3072K, reserved 1048576K
Event: 45.127 GC heap after
Heap after GC invocations=5 (full 1):
 PSYoungGen      total 132096K, used 0K [0x00000000e0000000, 0x00000000e8600000, 0x0000000100000000)
  eden space 126976K, 0% used [0x00000000e0000000,0x00000000e0000000,0x00000000e7c00000)
  from space 5120K, 0% used [0x00000000e8100000,0x00000000e8100000,0x00000000e8600000)
  to   space 5120K, 0% used [0x00000000e7c00000,0x00000000e7c00000,0x00000000e8100000)
 ParOldGen       total 54272K, used 9017K [0x00000000a0000000, 0x00000000a3500000, 0x00000000e0000000)
  object space 54272K, 16% used [0x00000000a0000000,0x00000000a08ce518,0x00000000a3500000)
 Metaspace       used 20626K, capacity 20998K, committed 21248K, reserved 1067008K
  class space    used 2876K, capacity 3009K, committed 3072K, reserved 1048576K
}
Event: 63.146 GC heap before
{Heap before GC invocations=6 (full 1):
 PSYoungGen      total 132096K, used 126976K [0x00000000e0000000, 0x00000000e8600000, 0x0000000100000000)
  eden space 126976K, 100% used [0x00000000e0000000,0x00000000e7c00000,0x00000000e7c00000)
  from space 5120K, 0% used [0x00000000e8100000,0x00000000e8100000,0x00000000e8600000)
  to   space 5120K, 0% used [0x00000000e7c00000,0x00000000e7c00000,0x00000000e8100000)
 ParOldGen       total 54272K, used 9017K [0x00000000a0000000, 0x00000000a3500000, 0x00000000e0000000)
  object space 54272K, 16% used [0x00000000a0000000,0x00000000a08ce518,0x00000000a3500000)
 Metaspace       used 28315K, capacity 28736K, committed 29184K, reserved 1075200K
  class space    used 3860K, capacity 4023K, committed 4096K, reserved 1048576K
Event: 64.606 GC heap after
Heap after GC invocations=6 (full 1):
 PSYoungGen      total 132096K, used 5088K [0x00000000e0000000, 0x00000000f0000000, 0x0000000100000000)
  eden space 126976K, 0% used [0x00000000e0000000,0x00000000e0000000,0x00000000e7c00000)
  from space 5120K, 99% used [0x00000000e7c00000,0x00000000e80f8030,0x00000000e8100000)
  to   space 14848K, 0% used [0x00000000ef180000,0x00000000ef180000,0x00000000f0000000)
 ParOldGen       total 54272K, used 16240K [0x00000000a0000000, 0x00000000a3500000, 0x00000000e0000000)
  object space 54272K, 29% used [0x00000000a0000000,0x00000000a0fdc148,0x00000000a3500000)
 Metaspace       used 28315K, capacity 28736K, committed 29184K, reserved 1075200K
  class space    used 3860K, capacity 4023K, committed 4096K, reserved 1048576K
}
Event: 98.017 GC heap before
{Heap before GC invocations=7 (full 1):
 PSYoungGen      total 132096K, used 132064K [0x00000000e0000000, 0x00000000f0000000, 0x0000000100000000)
  eden space 126976K, 100% used [0x00000000e0000000,0x00000000e7c00000,0x00000000e7c00000)
  from space 5120K, 99% used [0x00000000e7c00000,0x00000000e80f8030,0x00000000e8100000)
  to   space 14848K, 0% used [0x00000000ef180000,0x00000000ef180000,0x00000000f0000000)
 ParOldGen       total 54272K, used 16240K [0x00000000a0000000, 0x00000000a3500000, 0x00000000e0000000)
  object space 54272K, 29% used [0x00000000a0000000,0x00000000a0fdc148,0x00000000a3500000)
 Metaspace       used 28362K, capacity 28800K, committed 29184K, reserved 1075200K
  class space    used 3864K, capacity 4023K, committed 4096K, reserved 1048576K
Event: 98.089 GC heap after
Heap after GC invocations=7 (full 1):
 PSYoungGen      total 233984K, used 6848K [0x00000000e0000000, 0x00000000ef880000, 0x0000000100000000)
  eden space 226816K, 0% used [0x00000000e0000000,0x00000000e0000000,0x00000000edd80000)
  from space 7168K, 95% used [0x00000000ef180000,0x00000000ef830050,0x00000000ef880000)
  to   space 13824K, 0% used [0x00000000edd80000,0x00000000edd80000,0x00000000eeb00000)
 ParOldGen       total 54272K, used 16240K [0x00000000a0000000, 0x00000000a3500000, 0x00000000e0000000)
  object space 54272K, 29% used [0x00000000a0000000,0x00000000a0fdc148,0x00000000a3500000)
 Metaspace       used 28362K, capacity 28800K, committed 29184K, reserved 1075200K
  class space    used 3864K, capacity 4023K, committed 4096K, reserved 1048576K
}
Event: 257.613 GC heap before
{Heap before GC invocations=8 (full 1):
 PSYoungGen      total 233984K, used 233664K [0x00000000e0000000, 0x00000000ef880000, 0x0000000100000000)
  eden space 226816K, 100% used [0x00000000e0000000,0x00000000edd80000,0x00000000edd80000)
  from space 7168K, 95% used [0x00000000ef180000,0x00000000ef830050,0x00000000ef880000)
  to   space 13824K, 0% used [0x00000000edd80000,0x00000000edd80000,0x00000000eeb00000)
 ParOldGen       total 54272K, used 16240K [0x00000000a0000000, 0x00000000a3500000, 0x00000000e0000000)
  object space 54272K, 29% used [0x00000000a0000000,0x00000000a0fdc148,0x00000000a3500000)
 Metaspace       used 34463K, capacity 35234K, committed 35416K, reserved 1079296K
  class space    used 4689K, capacity 4900K, committed 4952K, reserved 1048576K

